The system is: Windows - 10.0.19045 - AMD64
Compiling the CXX compiler identification source file "CMakeCXXCompilerId.cpp" succeeded.
Compiler: D:/software/Visual Studio 2022/Visual Studio IDE/VC/Tools/MSVC/14.32.31326/bin/Hostx64/x64/cl.exe 
Build flags: 
Id flags:  

The output was:
0
用于 x64 的 Microsoft (R) C/C++ 优化编译器 19.32.31332 版
版权所有(C) Microsoft Corporation。保留所有权利。

CMakeCXXCompilerId.cpp
Microsoft (R) Incremental Linker Version 14.32.31332.0
Copyright (C) Microsoft Corporation.  All rights reserved.

/out:CMakeCXXCompilerId.exe 
CMakeCXXCompilerId.obj 


Compilation of the CXX compiler identification source "CMakeCXXCompilerId.cpp" produced "CMakeCXXCompilerId.exe"

Compilation of the CXX compiler identification source "CMakeCXXCompilerId.cpp" produced "CMakeCXXCompilerId.obj"

The CXX compiler identification is MSVC, found in "C:/Users/苏坚荣/Desktop/PCL/iTraining/C++/codes/2023-07/王瑞/Assignment3/version2/out/build/x64-Debug/CMakeFiles/3.22.22040401-MSVC_2/CompilerIdCXX/CMakeCXXCompilerId.exe"

Detecting CXX compiler ABI info compiled with the following output:
Change Dir: C:/Users/苏坚荣/Desktop/PCL/iTraining/C++/codes/2023-07/王瑞/Assignment3/version2/out/build/x64-Debug/CMakeFiles/CMakeTmp

Run Build Command(s):D:/software/Visual Studio 2022/Visual Studio IDE/Common7/IDE/CommonExtensions/Microsoft/CMake/Ninja/ninja.exe cmTC_52f5a && [1/2] Building CXX object CMakeFiles\cmTC_52f5a.dir\CMakeCXXCompilerABI.cpp.obj
[2/2] Linking CXX executable cmTC_52f5a.exe



