2024-07-25 20:05:36.434 [info] Added views:workbench.panel.markers.view in workbench.panel.markers
2024-07-25 20:05:36.434 [info] Added views:workbench.panel.output in workbench.panel.output
2024-07-25 20:05:36.434 [info] Added views:terminal in terminal
2024-07-25 20:05:36.434 [info] Added views:outline in workbench.view.explorer
2024-07-25 20:05:36.434 [info] Added views:workbench.scm in workbench.view.scm
2024-07-25 20:05:36.434 [info] Added views:workbench.view.search in workbench.view.search
2024-07-25 20:05:36.434 [info] Added views:timeline in workbench.view.explorer
2024-07-25 20:05:36.435 [info] Added views:workbench.explorer.emptyView in workbench.view.explorer
2024-07-25 20:05:38.050 [info] Added views:workbench.debug.variablesView,workbench.debug.watchExpressionsView,workbench.debug.callStackView,workbench.debug.breakPointsView in workbench.view.debug
2024-07-25 20:05:46.818 [info] Added views:~remote.forwardedPorts in ~remote.forwardedPortsContainer
2024-07-25 20:05:48.553 [info] Added views:workbench.panel.repl.view in workbench.panel.repl
2024-07-25 20:05:48.558 [info] Removed views:workbench.debug.breakPointsView,workbench.debug.callStackView,workbench.debug.watchExpressionsView,workbench.debug.variablesView from workbench.view.debug
2024-07-25 20:05:48.734 [info] Added views:workbench.debug.welcome in workbench.view.debug
2024-07-25 20:06:23.610 [info] Added views:workbench.panel.markers.view in workbench.panel.markers
2024-07-25 20:06:23.610 [info] Added views:workbench.panel.output in workbench.panel.output
2024-07-25 20:06:23.610 [info] Added views:terminal in terminal
2024-07-25 20:06:23.610 [info] Added views:outline in workbench.view.explorer
2024-07-25 20:06:23.610 [info] Added views:workbench.scm in workbench.view.scm
2024-07-25 20:06:23.610 [info] Added views:workbench.view.search in workbench.view.search
2024-07-25 20:06:23.610 [info] Added views:timeline in workbench.view.explorer
2024-07-25 20:06:23.610 [info] Added views:workbench.explorer.fileView in workbench.view.explorer
2024-07-25 20:06:26.582 [info] Added views:workbench.debug.variablesView,workbench.debug.watchExpressionsView,workbench.debug.callStackView,workbench.debug.breakPointsView in workbench.view.debug
2024-07-25 20:06:26.925 [info] Added views:workbench.panel.repl.view in workbench.panel.repl
2024-07-25 20:06:26.925 [info] Removed views:workbench.debug.breakPointsView,workbench.debug.callStackView,workbench.debug.watchExpressionsView,workbench.debug.variablesView from workbench.view.debug
2024-07-25 20:06:26.926 [info] Added views:workbench.debug.welcome in workbench.view.debug
2024-07-25 20:06:27.717 [info] Added views:~remote.forwardedPorts in ~remote.forwardedPortsContainer
